Determining if the pthread_create exist failed with the following output:
Change Dir: /home/jeff/rviz_sat/build/CMakeFiles/CMakeTmp

Run Build Command:/usr/bin/make "cmTryCompileExec2912306240/fast"
/usr/bin/make -f CMakeFiles/cmTryCompileExec2912306240.dir/build.make CMakeFiles/cmTryCompileExec2912306240.dir/build
make[1]: Entering directory `/home/jeff/rviz_sat/build/CMakeFiles/CMakeTmp'
/usr/bin/cmake -E cmake_progress_report /home/jeff/rviz_sat/build/CMakeFiles/CMakeTmp/CMakeFiles 1
Building C object CMakeFiles/cmTryCompileExec2912306240.dir/CheckSymbolExists.c.o
/usr/bin/cc    -o CMakeFiles/cmTryCompileExec2912306240.dir/CheckSymbolExists.c.o   -c /home/jeff/rviz_sat/build/CMakeFiles/CMakeTmp/CheckSymbolExists.c
Linking C executable cmTryCompileExec2912306240
/usr/bin/cmake -E cmake_link_script CMakeFiles/cmTryCompileExec2912306240.dir/link.txt --verbose=1
/usr/bin/cc       CMakeFiles/cmTryCompileExec2912306240.dir/CheckSymbolExists.c.o  -o cmTryCompileExec2912306240 -rdynamic 
CMakeFiles/cmTryCompileExec2912306240.dir/CheckSymbolExists.c.o: In function `main':
CheckSymbolExists.c:(.text+0x16): undefined reference to `pthread_create'
collect2: error: ld returned 1 exit status
make[1]: Leaving directory `/home/jeff/rviz_sat/build/CMakeFiles/CMakeTmp'
make[1]: *** [cmTryCompileExec2912306240] Error 1
make: *** [cmTryCompileExec2912306240/fast] Error 2

File /home/jeff/rviz_sat/build/CMakeFiles/CMakeTmp/CheckSymbolExists.c:
/* */
#include <pthread.h>

int main(int argc, char** argv)
{
  (void)argv;
#ifndef pthread_create
  return ((int*)(&pthread_create))[argc];
#else
  (void)argc;
  return 0;
#endif
}

Determining if the function pthread_create exists in the pthreads failed with the following output:
Change Dir: /home/jeff/rviz_sat/build/CMakeFiles/CMakeTmp

Run Build Command:/usr/bin/make "cmTryCompileExec2561740224/fast"
/usr/bin/make -f CMakeFiles/cmTryCompileExec2561740224.dir/build.make CMakeFiles/cmTryCompileExec2561740224.dir/build
make[1]: Entering directory `/home/jeff/rviz_sat/build/CMakeFiles/CMakeTmp'
/usr/bin/cmake -E cmake_progress_report /home/jeff/rviz_sat/build/CMakeFiles/CMakeTmp/CMakeFiles 1
Building C object CMakeFiles/cmTryCompileExec2561740224.dir/CheckFunctionExists.c.o
/usr/bin/cc   -DCHECK_FUNCTION_EXISTS=pthread_create   -o CMakeFiles/cmTryCompileExec2561740224.dir/CheckFunctionExists.c.o   -c /usr/share/cmake-2.8/Modules/CheckFunctionExists.c
Linking C executable cmTryCompileExec2561740224
/usr/bin/cmake -E cmake_link_script CMakeFiles/cmTryCompileExec2561740224.dir/link.txt --verbose=1
/usr/bin/cc   -DCHECK_FUNCTION_EXISTS=pthread_create    CMakeFiles/cmTryCompileExec2561740224.dir/CheckFunctionExists.c.o  -o cmTryCompileExec2561740224 -rdynamic -lpthreads 
/usr/bin/ld: cannot find -lpthreads
collect2: error: ld returned 1 exit status
make[1]: *** [cmTryCompileExec2561740224] Error 1
make[1]: Leaving directory `/home/jeff/rviz_sat/build/CMakeFiles/CMakeTmp'
make: *** [cmTryCompileExec2561740224/fast] Error 2


Determining if the Q_WS_WIN exist failed with the following output:
Change Dir: /home/jeff/rviz_sat/build/CMakeFiles/CMakeTmp

Run Build Command:/usr/bin/make "cmTryCompileExec1773079223/fast"
/usr/bin/make -f CMakeFiles/cmTryCompileExec1773079223.dir/build.make CMakeFiles/cmTryCompileExec1773079223.dir/build
make[1]: Entering directory `/home/jeff/rviz_sat/build/CMakeFiles/CMakeTmp'
/usr/bin/cmake -E cmake_progress_report /home/jeff/rviz_sat/build/CMakeFiles/CMakeTmp/CMakeFiles 1
Building CXX object CMakeFiles/cmTryCompileExec1773079223.dir/CheckSymbolExists.cxx.o
/usr/bin/c++    -I/usr/include/qt4    -o CMakeFiles/cmTryCompileExec1773079223.dir/CheckSymbolExists.cxx.o -c /home/jeff/rviz_sat/build/CMakeFiles/CMakeTmp/CheckSymbolExists.cxx
/home/jeff/rviz_sat/build/CMakeFiles/CMakeTmp/CheckSymbolExists.cxx: In function ‘int main(int, char**)’:
/home/jeff/rviz_sat/build/CMakeFiles/CMakeTmp/CheckSymbolExists.cxx:8:19: error: ‘Q_WS_WIN’ was not declared in this scope
   return ((int*)(&Q_WS_WIN))[argc];
                   ^
make[1]: Leaving directory `/home/jeff/rviz_sat/build/CMakeFiles/CMakeTmp'
make[1]: *** [CMakeFiles/cmTryCompileExec1773079223.dir/CheckSymbolExists.cxx.o] Error 1
make: *** [cmTryCompileExec1773079223/fast] Error 2

File /home/jeff/rviz_sat/build/CMakeFiles/CMakeTmp/CheckSymbolExists.cxx:
/* */
#include <QtCore/qglobal.h>

int main(int argc, char** argv)
{
  (void)argv;
#ifndef Q_WS_WIN
  return ((int*)(&Q_WS_WIN))[argc];
#else
  (void)argc;
  return 0;
#endif
}

Determining if the Q_WS_QWS exist failed with the following output:
Change Dir: /home/jeff/rviz_sat/build/CMakeFiles/CMakeTmp

Run Build Command:/usr/bin/make "cmTryCompileExec359068418/fast"
/usr/bin/make -f CMakeFiles/cmTryCompileExec359068418.dir/build.make CMakeFiles/cmTryCompileExec359068418.dir/build
make[1]: Entering directory `/home/jeff/rviz_sat/build/CMakeFiles/CMakeTmp'
/usr/bin/cmake -E cmake_progress_report /home/jeff/rviz_sat/build/CMakeFiles/CMakeTmp/CMakeFiles 1
Building CXX object CMakeFiles/cmTryCompileExec359068418.dir/CheckSymbolExists.cxx.o
/usr/bin/c++    -I/usr/include/qt4    -o CMakeFiles/cmTryCompileExec359068418.dir/CheckSymbolExists.cxx.o -c /home/jeff/rviz_sat/build/CMakeFiles/CMakeTmp/CheckSymbolExists.cxx
/home/jeff/rviz_sat/build/CMakeFiles/CMakeTmp/CheckSymbolExists.cxx: In function ‘int main(int, char**)’:
/home/jeff/rviz_sat/build/CMakeFiles/CMakeTmp/CheckSymbolExists.cxx:8:19: error: ‘Q_WS_QWS’ was not declared in this scope
   return ((int*)(&Q_WS_QWS))[argc];
                   ^
make[1]: *** [CMakeFiles/cmTryCompileExec359068418.dir/CheckSymbolExists.cxx.o] Error 1
make[1]: Leaving directory `/home/jeff/rviz_sat/build/CMakeFiles/CMakeTmp'
make: *** [cmTryCompileExec359068418/fast] Error 2

File /home/jeff/rviz_sat/build/CMakeFiles/CMakeTmp/CheckSymbolExists.cxx:
/* */
#include <QtCore/qglobal.h>

int main(int argc, char** argv)
{
  (void)argv;
#ifndef Q_WS_QWS
  return ((int*)(&Q_WS_QWS))[argc];
#else
  (void)argc;
  return 0;
#endif
}

Determining if the Q_WS_MAC exist failed with the following output:
Change Dir: /home/jeff/rviz_sat/build/CMakeFiles/CMakeTmp

Run Build Command:/usr/bin/make "cmTryCompileExec4018302836/fast"
/usr/bin/make -f CMakeFiles/cmTryCompileExec4018302836.dir/build.make CMakeFiles/cmTryCompileExec4018302836.dir/build
make[1]: Entering directory `/home/jeff/rviz_sat/build/CMakeFiles/CMakeTmp'
/usr/bin/cmake -E cmake_progress_report /home/jeff/rviz_sat/build/CMakeFiles/CMakeTmp/CMakeFiles 1
Building CXX object CMakeFiles/cmTryCompileExec4018302836.dir/CheckSymbolExists.cxx.o
/usr/bin/c++    -I/usr/include/qt4    -o CMakeFiles/cmTryCompileExec4018302836.dir/CheckSymbolExists.cxx.o -c /home/jeff/rviz_sat/build/CMakeFiles/CMakeTmp/CheckSymbolExists.cxx
/home/jeff/rviz_sat/build/CMakeFiles/CMakeTmp/CheckSymbolExists.cxx: In function ‘int main(int, char**)’:
/home/jeff/rviz_sat/build/CMakeFiles/CMakeTmp/CheckSymbolExists.cxx:8:19: error: ‘Q_WS_MAC’ was not declared in this scope
   return ((int*)(&Q_WS_MAC))[argc];
                   ^
make[1]: *** [CMakeFiles/cmTryCompileExec4018302836.dir/CheckSymbolExists.cxx.o] Error 1
make[1]: Leaving directory `/home/jeff/rviz_sat/build/CMakeFiles/CMakeTmp'
make: *** [cmTryCompileExec4018302836/fast] Error 2

File /home/jeff/rviz_sat/build/CMakeFiles/CMakeTmp/CheckSymbolExists.cxx:
/* */
#include <QtCore/qglobal.h>

int main(int argc, char** argv)
{
  (void)argv;
#ifndef Q_WS_MAC
  return ((int*)(&Q_WS_MAC))[argc];
#else
  (void)argc;
  return 0;
#endif
}

